# JRE version: OpenJDK Runtime Environment (8.0_242-b01) (build 1.8.0_242-release-1644-b01)
# Java VM: OpenJDK 64-Bit Server VM (25.242-b01 mixed mode windows-amd64 compressed oops)
Heap:
 PSYoungGen      total 120832K, used 29275K [0x00000000d5580000, 0x00000000e2680000, 0x0000000100000000)
  eden space 108544K, 26% used [0x00000000d5580000,0x00000000d7216e28,0x00000000dbf80000)
  from space 12288K, 0% used [0x00000000dbf80000,0x00000000dbf80000,0x00000000dcb80000)
  to   space 11776K, 0% used [0x00000000e1b00000,0x00000000e1b00000,0x00000000e2680000)
 ParOldGen       total 139264K, used 15272K [0x0000000080000000, 0x0000000088800000, 0x00000000d5580000)
  object space 139264K, 10% used [0x0000000080000000,0x0000000080eea1e0,0x0000000088800000)
 Metaspace       used 35710K, capacity 36924K, committed 37208K, reserved 1081344K
  class space    used 4888K, capacity 5169K, committed 5248K, reserved 1048576K
GC Heap History (10 events):
Event: 5.621 GC heap before
{Heap before GC invocations=5 (full 1):
 PSYoungGen      total 75776K, used 7330K [0x00000000d5580000, 0x00000000de980000, 0x0000000100000000)
  eden space 65024K, 0% used [0x00000000d5580000,0x00000000d5580000,0x00000000d9500000)
  from space 10752K, 68% used [0x00000000d9f80000,0x00000000da6a8948,0x00000000daa00000)
  to   space 10752K, 0% used [0x00000000d9500000,0x00000000d9500000,0x00000000d9f80000)
 ParOldGen       total 173568K, used 879K [0x0000000080000000, 0x000000008a980000, 0x00000000d5580000)
  object space 173568K, 0% used [0x0000000080000000,0x00000000800dbe80,0x000000008a980000)
 Metaspace       used 20525K, capacity 21192K, committed 21248K, reserved 1067008K
  class space    used 2861K, capacity 3044K, committed 3072K, reserved 1048576K
Event: 5.669 GC heap after
Heap after GC invocations=5 (full 1):
 PSYoungGen      total 75776K, used 0K [0x00000000d5580000, 0x00000000de980000, 0x0000000100000000)
  eden space 65024K, 0% used [0x00000000d5580000,0x00000000d5580000,0x00000000d9500000)
  from space 10752K, 0% used [0x00000000d9f80000,0x00000000d9f80000,0x00000000daa00000)
  to   space 10752K, 0% used [0x00000000d9500000,0x00000000d9500000,0x00000000d9f80000)
 ParOldGen       total 92160K, used 7155K [0x0000000080000000, 0x0000000085a00000, 0x00000000d5580000)
  object space 92160K, 7% used [0x0000000080000000,0x00000000806fcfe0,0x0000000085a00000)
 Metaspace       used 20525K, capacity 21192K, committed 21248K, reserved 1067008K
  class space    used 2861K, capacity 3044K, committed 3072K, reserved 1048576K
}
Event: 6.597 GC heap before
{Heap before GC invocations=6 (full 1):
 PSYoungGen      total 75776K, used 65024K [0x00000000d5580000, 0x00000000de980000, 0x0000000100000000)
  eden space 65024K, 100% used [0x00000000d5580000,0x00000000d9500000,0x00000000d9500000)
  from space 10752K, 0% used [0x00000000d9f80000,0x00000000d9f80000,0x00000000daa00000)
  to   space 10752K, 0% used [0x00000000d9500000,0x00000000d9500000,0x00000000d9f80000)
 ParOldGen       total 92160K, used 7155K [0x0000000080000000, 0x0000000085a00000, 0x00000000d5580000)
  object space 92160K, 7% used [0x0000000080000000,0x00000000806fcfe0,0x0000000085a00000)
 Metaspace       used 28522K, capacity 29374K, committed 29568K, reserved 1075200K
  class space    used 3942K, capacity 4187K, committed 4224K, reserved 1048576K
Event: 6.603 GC heap after
Heap after GC invocations=6 (full 1):
 PSYoungGen      total 75776K, used 8317K [0x00000000d5580000, 0x00000000dd700000, 0x0000000100000000)
  eden space 65024K, 0% used [0x00000000d5580000,0x00000000d5580000,0x00000000d9500000)
  from space 10752K, 77% used [0x00000000d9500000,0x00000000d9d1f7c0,0x00000000d9f80000)
  to   space 11776K, 0% used [0x00000000dcb80000,0x00000000dcb80000,0x00000000dd700000)
 ParOldGen       total 92160K, used 7163K [0x0000000080000000, 0x0000000085a00000, 0x00000000d5580000)
  object space 92160K, 7% used [0x0000000080000000,0x00000000806fefe0,0x0000000085a00000)
 Metaspace       used 28522K, capacity 29374K, committed 29568K, reserved 1075200K
  class space    used 3942K, capacity 4187K, committed 4224K, reserved 1048576K
}
Event: 7.354 GC heap before
{Heap before GC invocations=7 (full 1):
 PSYoungGen      total 75776K, used 73341K [0x00000000d5580000, 0x00000000dd700000, 0x0000000100000000)
  eden space 65024K, 100% used [0x00000000d5580000,0x00000000d9500000,0x00000000d9500000)
  from space 10752K, 77% used [0x00000000d9500000,0x00000000d9d1f7c0,0x00000000d9f80000)
  to   space 11776K, 0% used [0x00000000dcb80000,0x00000000dcb80000,0x00000000dd700000)
 ParOldGen       total 92160K, used 7163K [0x0000000080000000, 0x0000000085a00000, 0x00000000d5580000)
  object space 92160K, 7% used [0x0000000080000000,0x00000000806fefe0,0x0000000085a00000)
 Metaspace       used 32724K, capacity 33700K, committed 33920K, reserved 1079296K
  class space    used 4452K, capacity 4718K, committed 4736K, reserved 1048576K
Event: 7.367 GC heap after
Heap after GC invocations=7 (full 1):
 PSYoungGen      total 120320K, used 9611K [0x00000000d5580000, 0x00000000dd800000, 0x0000000100000000)
  eden space 108544K, 0% used [0x00000000d5580000,0x00000000d5580000,0x00000000dbf80000)
  from space 11776K, 81% used [0x00000000dcb80000,0x00000000dd4e2d38,0x00000000dd700000)
  to   space 12288K, 0% used [0x00000000dbf80000,0x00000000dbf80000,0x00000000dcb80000)
 ParOldGen       total 92160K, used 7171K [0x0000000080000000, 0x0000000085a00000, 0x00000000d5580000)
  object space 92160K, 7% used [0x0000000080000000,0x0000000080700fe0,0x0000000085a00000)
 Metaspace       used 32724K, capacity 33700K, committed 33920K, reserved 1079296K
  class space    used 4452K, capacity 4718K, committed 4736K, reserved 1048576K
}
Event: 7.946 GC heap before
{Heap before GC invocations=8 (full 1):
 PSYoungGen      total 120320K, used 42694K [0x00000000d5580000, 0x00000000dd800000, 0x0000000100000000)
  eden space 108544K, 30% used [0x00000000d5580000,0x00000000d75cece8,0x00000000dbf80000)
  from space 11776K, 81% used [0x00000000dcb80000,0x00000000dd4e2d38,0x00000000dd700000)
  to   space 12288K, 0% used [0x00000000dbf80000,0x00000000dbf80000,0x00000000dcb80000)
 ParOldGen       total 92160K, used 7171K [0x0000000080000000, 0x0000000085a00000, 0x00000000d5580000)
  object space 92160K, 7% used [0x0000000080000000,0x0000000080700fe0,0x0000000085a00000)
 Metaspace       used 34250K, capacity 35380K, committed 35416K, reserved 1079296K
  class space    used 4707K, capacity 4969K, committed 4992K, reserved 1048576K
Event: 7.976 GC heap after
Heap after GC invocations=8 (full 1):
 PSYoungGen      total 120832K, used 8822K [0x00000000d5580000, 0x00000000e2680000, 0x0000000100000000)
  eden space 108544K, 0% used [0x00000000d5580000,0x00000000d5580000,0x00000000dbf80000)
  from space 12288K, 71% used [0x00000000dbf80000,0x00000000dc81da10,0x00000000dcb80000)
  to   space 11776K, 0% used [0x00000000e1b00000,0x00000000e1b00000,0x00000000e2680000)
 ParOldGen       total 92160K, used 7179K [0x0000000080000000, 0x0000000085a00000, 0x00000000d5580000)
  object space 92160K, 7% used [0x0000000080000000,0x0000000080702fe0,0x0000000085a00000)
 Metaspace       used 34250K, capacity 35380K, committed 35416K, reserved 1079296K
  class space    used 4707K, capacity 4969K, committed 4992K, reserved 1048576K
}
Event: 7.976 GC heap before
{Heap before GC invocations=9 (full 2):
 PSYoungGen      total 120832K, used 8822K [0x00000000d5580000, 0x00000000e2680000, 0x0000000100000000)
  eden space 108544K, 0% used [0x00000000d5580000,0x00000000d5580000,0x00000000dbf80000)
  from space 12288K, 71% used [0x00000000dbf80000,0x00000000dc81da10,0x00000000dcb80000)
  to   space 11776K, 0% used [0x00000000e1b00000,0x00000000e1b00000,0x00000000e2680000)
 ParOldGen       total 92160K, used 7179K [0x0000000080000000, 0x0000000085a00000, 0x00000000d5580000)
  object space 92160K, 7% used [0x0000000080000000,0x0000000080702fe0,0x0000000085a00000)
 Metaspace       used 34250K, capacity 35380K, committed 35416K, reserved 1079296K
  class space    used 4707K, capacity 4969K, committed 4992K, reserved 1048576K
Event: 8.059 GC heap after
Heap after GC invocations=9 (full 2):
 PSYoungGen      total 120832K, used 0K [0x00000000d5580000, 0x00000000e2680000, 0x0000000100000000)
  eden space 108544K, 0% used [0x00000000d5580000,0x00000000d5580000,0x00000000dbf80000)
  from space 12288K, 0% used [0x00000000dbf80000,0x00000000dbf80000,0x00000000dcb80000)
  to   space 11776K, 0% used [0x00000000e1b00000,0x00000000e1b00000,0x00000000e2680000)
 ParOldGen       total 139264K, used 15272K [0x0000000080000000, 0x0000000088800000, 0x00000000d5580000)
  object space 139264K, 10% used [0x0000000080000000,0x0000000080eea1e0,0x0000000088800000)
 Metaspace       used 34250K, capacity 35380K, committed 35416K, reserved 1079296K
  class space    used 4707K, capacity 4969K, committed 4992K, reserved 1048576K
}

