# JRE version: OpenJDK Runtime Environment (8.0_242-b01) (build 1.8.0_242-release-1644-b01)
# Java VM: OpenJDK 64-Bit Server VM (25.242-b01 mixed mode windows-amd64 compressed oops)
Heap:
 PSYoungGen      total 113664K, used 16925K [0x00000000d5580000, 0x00000000dd100000, 0x0000000100000000)
  eden space 101376K, 16% used [0x00000000d5580000,0x00000000d66074d8,0x00000000db880000)
  from space 12288K, 0% used [0x00000000db880000,0x00000000db880000,0x00000000dc480000)
  to   space 11776K, 0% used [0x00000000dc480000,0x00000000dc480000,0x00000000dd000000)
 ParOldGen       total 98304K, used 15187K [0x0000000080000000, 0x0000000086000000, 0x00000000d5580000)
  object space 98304K, 15% used [0x0000000080000000,0x0000000080ed4e90,0x0000000086000000)
 Metaspace       used 35114K, capacity 36272K, committed 36392K, reserved 1081344K
  class space    used 4827K, capacity 5093K, committed 5168K, reserved 1048576K
GC Heap History (10 events):
Event: 5.503 GC heap before
{Heap before GC invocations=5 (full 1):
 PSYoungGen      total 75776K, used 7458K [0x00000000d5580000, 0x00000000de980000, 0x0000000100000000)
  eden space 65024K, 0% used [0x00000000d5580000,0x00000000d5580000,0x00000000d9500000)
  from space 10752K, 69% used [0x00000000d9f80000,0x00000000da6c8878,0x00000000daa00000)
  to   space 10752K, 0% used [0x00000000d9500000,0x00000000d9500000,0x00000000d9f80000)
 ParOldGen       total 173568K, used 871K [0x0000000080000000, 0x000000008a980000, 0x00000000d5580000)
  object space 173568K, 0% used [0x0000000080000000,0x00000000800d9e80,0x000000008a980000)
 Metaspace       used 20640K, capacity 21220K, committed 21296K, reserved 1067008K
  class space    used 2881K, capacity 3076K, committed 3120K, reserved 1048576K
Event: 5.559 GC heap after
Heap after GC invocations=5 (full 1):
 PSYoungGen      total 75776K, used 0K [0x00000000d5580000, 0x00000000de980000, 0x0000000100000000)
  eden space 65024K, 0% used [0x00000000d5580000,0x00000000d5580000,0x00000000d9500000)
  from space 10752K, 0% used [0x00000000d9f80000,0x00000000d9f80000,0x00000000daa00000)
  to   space 10752K, 0% used [0x00000000d9500000,0x00000000d9500000,0x00000000d9f80000)
 ParOldGen       total 98304K, used 7277K [0x0000000080000000, 0x0000000086000000, 0x00000000d5580000)
  object space 98304K, 7% used [0x0000000080000000,0x000000008071b4d0,0x0000000086000000)
 Metaspace       used 20640K, capacity 21220K, committed 21296K, reserved 1067008K
  class space    used 2881K, capacity 3076K, committed 3120K, reserved 1048576K
}
Event: 8.262 GC heap before
{Heap before GC invocations=6 (full 1):
 PSYoungGen      total 75776K, used 65024K [0x00000000d5580000, 0x00000000de980000, 0x0000000100000000)
  eden space 65024K, 100% used [0x00000000d5580000,0x00000000d9500000,0x00000000d9500000)
  from space 10752K, 0% used [0x00000000d9f80000,0x00000000d9f80000,0x00000000daa00000)
  to   space 10752K, 0% used [0x00000000d9500000,0x00000000d9500000,0x00000000d9f80000)
 ParOldGen       total 98304K, used 7277K [0x0000000080000000, 0x0000000086000000, 0x00000000d5580000)
  object space 98304K, 7% used [0x0000000080000000,0x000000008071b4d0,0x0000000086000000)
 Metaspace       used 28756K, capacity 29604K, committed 29872K, reserved 1075200K
  class space    used 3976K, capacity 4220K, committed 4272K, reserved 1048576K
Event: 8.272 GC heap after
Heap after GC invocations=6 (full 1):
 PSYoungGen      total 75776K, used 8379K [0x00000000d5580000, 0x00000000dd000000, 0x0000000100000000)
  eden space 65024K, 0% used [0x00000000d5580000,0x00000000d5580000,0x00000000d9500000)
  from space 10752K, 77% used [0x00000000d9500000,0x00000000d9d2ed00,0x00000000d9f80000)
  to   space 11776K, 0% used [0x00000000dc480000,0x00000000dc480000,0x00000000dd000000)
 ParOldGen       total 98304K, used 7285K [0x0000000080000000, 0x0000000086000000, 0x00000000d5580000)
  object space 98304K, 7% used [0x0000000080000000,0x000000008071d4d0,0x0000000086000000)
 Metaspace       used 28756K, capacity 29604K, committed 29872K, reserved 1075200K
  class space    used 3976K, capacity 4220K, committed 4272K, reserved 1048576K
}
Event: 10.067 GC heap before
{Heap before GC invocations=7 (full 1):
 PSYoungGen      total 75776K, used 73403K [0x00000000d5580000, 0x00000000dd000000, 0x0000000100000000)
  eden space 65024K, 100% used [0x00000000d5580000,0x00000000d9500000,0x00000000d9500000)
  from space 10752K, 77% used [0x00000000d9500000,0x00000000d9d2ed00,0x00000000d9f80000)
  to   space 11776K, 0% used [0x00000000dc480000,0x00000000dc480000,0x00000000dd000000)
 ParOldGen       total 98304K, used 7285K [0x0000000080000000, 0x0000000086000000, 0x00000000d5580000)
  object space 98304K, 7% used [0x0000000080000000,0x000000008071d4d0,0x0000000086000000)
 Metaspace       used 32826K, capacity 33860K, committed 33968K, reserved 1079296K
  class space    used 4475K, capacity 4750K, committed 4784K, reserved 1048576K
Event: 10.089 GC heap after
Heap after GC invocations=7 (full 1):
 PSYoungGen      total 113152K, used 9503K [0x00000000d5580000, 0x00000000dd100000, 0x0000000100000000)
  eden space 101376K, 0% used [0x00000000d5580000,0x00000000d5580000,0x00000000db880000)
  from space 11776K, 80% used [0x00000000dc480000,0x00000000dcdc7f58,0x00000000dd000000)
  to   space 12288K, 0% used [0x00000000db880000,0x00000000db880000,0x00000000dc480000)
 ParOldGen       total 98304K, used 7293K [0x0000000080000000, 0x0000000086000000, 0x00000000d5580000)
  object space 98304K, 7% used [0x0000000080000000,0x000000008071f4d0,0x0000000086000000)
 Metaspace       used 32826K, capacity 33860K, committed 33968K, reserved 1079296K
  class space    used 4475K, capacity 4750K, committed 4784K, reserved 1048576K
}
Event: 10.769 GC heap before
{Heap before GC invocations=8 (full 1):
 PSYoungGen      total 113152K, used 40025K [0x00000000d5580000, 0x00000000dd100000, 0x0000000100000000)
  eden space 101376K, 30% used [0x00000000d5580000,0x00000000d734e850,0x00000000db880000)
  from space 11776K, 80% used [0x00000000dc480000,0x00000000dcdc7f58,0x00000000dd000000)
  to   space 12288K, 0% used [0x00000000db880000,0x00000000db880000,0x00000000dc480000)
 ParOldGen       total 98304K, used 7293K [0x0000000080000000, 0x0000000086000000, 0x00000000d5580000)
  object space 98304K, 7% used [0x0000000080000000,0x000000008071f4d0,0x0000000086000000)
 Metaspace       used 34253K, capacity 35380K, committed 35496K, reserved 1079296K
  class space    used 4708K, capacity 4969K, committed 5040K, reserved 1048576K
Event: 10.784 GC heap after
Heap after GC invocations=8 (full 1):
 PSYoungGen      total 113664K, used 8765K [0x00000000d5580000, 0x00000000dd100000, 0x0000000100000000)
  eden space 101376K, 0% used [0x00000000d5580000,0x00000000d5580000,0x00000000db880000)
  from space 12288K, 71% used [0x00000000db880000,0x00000000dc10f690,0x00000000dc480000)
  to   space 11776K, 0% used [0x00000000dc480000,0x00000000dc480000,0x00000000dd000000)
 ParOldGen       total 98304K, used 7301K [0x0000000080000000, 0x0000000086000000, 0x00000000d5580000)
  object space 98304K, 7% used [0x0000000080000000,0x00000000807214d0,0x0000000086000000)
 Metaspace       used 34253K, capacity 35380K, committed 35496K, reserved 1079296K
  class space    used 4708K, capacity 4969K, committed 5040K, reserved 1048576K
}
Event: 10.784 GC heap before
{Heap before GC invocations=9 (full 2):
 PSYoungGen      total 113664K, used 8765K [0x00000000d5580000, 0x00000000dd100000, 0x0000000100000000)
  eden space 101376K, 0% used [0x00000000d5580000,0x00000000d5580000,0x00000000db880000)
  from space 12288K, 71% used [0x00000000db880000,0x00000000dc10f690,0x00000000dc480000)
  to   space 11776K, 0% used [0x00000000dc480000,0x00000000dc480000,0x00000000dd000000)
 ParOldGen       total 98304K, used 7301K [0x0000000080000000, 0x0000000086000000, 0x00000000d5580000)
  object space 98304K, 7% used [0x0000000080000000,0x00000000807214d0,0x0000000086000000)
 Metaspace       used 34253K, capacity 35380K, committed 35496K, reserved 1079296K
  class space    used 4708K, capacity 4969K, committed 5040K, reserved 1048576K
Event: 10.888 GC heap after
Heap after GC invocations=9 (full 2):
 PSYoungGen      total 113664K, used 0K [0x00000000d5580000, 0x00000000dd100000, 0x0000000100000000)
  eden space 101376K, 0% used [0x00000000d5580000,0x00000000d5580000,0x00000000db880000)
  from space 12288K, 0% used [0x00000000db880000,0x00000000db880000,0x00000000dc480000)
  to   space 11776K, 0% used [0x00000000dc480000,0x00000000dc480000,0x00000000dd000000)
 ParOldGen       total 98304K, used 15187K [0x0000000080000000, 0x0000000086000000, 0x00000000d5580000)
  object space 98304K, 15% used [0x0000000080000000,0x0000000080ed4e90,0x0000000086000000)
 Metaspace       used 34253K, capacity 35380K, committed 35496K, reserved 1079296K
  class space    used 4708K, capacity 4969K, committed 5040K, reserved 1048576K
}

