# JRE version: OpenJDK Runtime Environment (8.0_242-b01) (build 1.8.0_242-release-1644-b01)
# Java VM: OpenJDK 64-Bit Server VM (25.242-b01 mixed mode windows-amd64 compressed oops)
Heap:
 PSYoungGen      total 239616K, used 166973K [0x00000000d5580000, 0x00000000e5a00000, 0x0000000100000000)
  eden space 216576K, 67% used [0x00000000d5580000,0x00000000de484de8,0x00000000e2900000)
  from space 23040K, 89% used [0x00000000e4180000,0x00000000e558a998,0x00000000e5800000)
  to   space 25088K, 0% used [0x00000000e2900000,0x00000000e2900000,0x00000000e4180000)
 ParOldGen       total 226304K, used 33824K [0x0000000080000000, 0x000000008dd00000, 0x00000000d5580000)
  object space 226304K, 14% used [0x0000000080000000,0x0000000082108110,0x000000008dd00000)
 Metaspace       used 76482K, capacity 80056K, committed 80280K, reserved 1122304K
  class space    used 10244K, capacity 10893K, committed 10912K, reserved 1048576K
GC Heap History (10 events):
Event: 15.173 GC heap before
{Heap before GC invocations=11 (full 2):
 PSYoungGen      total 157696K, used 157239K [0x00000000d5580000, 0x00000000e0b00000, 0x0000000100000000)
  eden space 149504K, 100% used [0x00000000d5580000,0x00000000de780000,0x00000000de780000)
  from space 8192K, 94% used [0x00000000e0300000,0x00000000e0a8de38,0x00000000e0b00000)
  to   space 11776K, 0% used [0x00000000df400000,0x00000000df400000,0x00000000dff80000)
 ParOldGen       total 149504K, used 15169K [0x0000000080000000, 0x0000000089200000, 0x00000000d5580000)
  object space 149504K, 10% used [0x0000000080000000,0x0000000080ed0790,0x0000000089200000)
 Metaspace       used 53821K, capacity 55858K, committed 55976K, reserved 1097728K
  class space    used 7083K, capacity 7521K, committed 7600K, reserved 1048576K
Event: 15.200 GC heap after
Heap after GC invocations=11 (full 2):
 PSYoungGen      total 174080K, used 11756K [0x00000000d5580000, 0x00000000e2f80000, 0x0000000100000000)
  eden space 162304K, 0% used [0x00000000d5580000,0x00000000d5580000,0x00000000df400000)
  from space 11776K, 99% used [0x00000000df400000,0x00000000dff7b210,0x00000000dff80000)
  to   space 17920K, 0% used [0x00000000e1e00000,0x00000000e1e00000,0x00000000e2f80000)
 ParOldGen       total 149504K, used 28427K [0x0000000080000000, 0x0000000089200000, 0x00000000d5580000)
  object space 149504K, 19% used [0x0000000080000000,0x0000000081bc2c28,0x0000000089200000)
 Metaspace       used 53821K, capacity 55858K, committed 55976K, reserved 1097728K
  class space    used 7083K, capacity 7521K, committed 7600K, reserved 1048576K
}
Event: 16.539 GC heap before
{Heap before GC invocations=12 (full 2):
 PSYoungGen      total 174080K, used 76725K [0x00000000d5580000, 0x00000000e2f80000, 0x0000000100000000)
  eden space 162304K, 40% used [0x00000000d5580000,0x00000000d94f2378,0x00000000df400000)
  from space 11776K, 99% used [0x00000000df400000,0x00000000dff7b210,0x00000000dff80000)
  to   space 17920K, 0% used [0x00000000e1e00000,0x00000000e1e00000,0x00000000e2f80000)
 ParOldGen       total 149504K, used 28427K [0x0000000080000000, 0x0000000089200000, 0x00000000d5580000)
  object space 149504K, 19% used [0x0000000080000000,0x0000000081bc2c28,0x0000000089200000)
 Metaspace       used 56883K, capacity 59058K, committed 59160K, reserved 1099776K
  class space    used 7449K, capacity 7911K, committed 7968K, reserved 1048576K
Event: 16.574 GC heap after
Heap after GC invocations=12 (full 2):
 PSYoungGen      total 202752K, used 17914K [0x00000000d5580000, 0x00000000e4a00000, 0x0000000100000000)
  eden space 184832K, 0% used [0x00000000d5580000,0x00000000d5580000,0x00000000e0a00000)
  from space 17920K, 99% used [0x00000000e1e00000,0x00000000e2f7e990,0x00000000e2f80000)
  to   space 20480K, 0% used [0x00000000e0a00000,0x00000000e0a00000,0x00000000e1e00000)
 ParOldGen       total 149504K, used 29924K [0x0000000080000000, 0x0000000089200000, 0x00000000d5580000)
  object space 149504K, 20% used [0x0000000080000000,0x0000000081d39020,0x0000000089200000)
 Metaspace       used 56883K, capacity 59058K, committed 59160K, reserved 1099776K
  class space    used 7449K, capacity 7911K, committed 7968K, reserved 1048576K
}
Event: 16.574 GC heap before
{Heap before GC invocations=13 (full 3):
 PSYoungGen      total 202752K, used 17914K [0x00000000d5580000, 0x00000000e4a00000, 0x0000000100000000)
  eden space 184832K, 0% used [0x00000000d5580000,0x00000000d5580000,0x00000000e0a00000)
  from space 17920K, 99% used [0x00000000e1e00000,0x00000000e2f7e990,0x00000000e2f80000)
  to   space 20480K, 0% used [0x00000000e0a00000,0x00000000e0a00000,0x00000000e1e00000)
 ParOldGen       total 149504K, used 29924K [0x0000000080000000, 0x0000000089200000, 0x00000000d5580000)
  object space 149504K, 20% used [0x0000000080000000,0x0000000081d39020,0x0000000089200000)
 Metaspace       used 56883K, capacity 59058K, committed 59160K, reserved 1099776K
  class space    used 7449K, capacity 7911K, committed 7968K, reserved 1048576K
Event: 17.018 GC heap after
Heap after GC invocations=13 (full 3):
 PSYoungGen      total 202752K, used 0K [0x00000000d5580000, 0x00000000e4a00000, 0x0000000100000000)
  eden space 184832K, 0% used [0x00000000d5580000,0x00000000d5580000,0x00000000e0a00000)
  from space 17920K, 0% used [0x00000000e1e00000,0x00000000e1e00000,0x00000000e2f80000)
  to   space 20480K, 0% used [0x00000000e0a00000,0x00000000e0a00000,0x00000000e1e00000)
 ParOldGen       total 226304K, used 33808K [0x0000000080000000, 0x000000008dd00000, 0x00000000d5580000)
  object space 226304K, 14% used [0x0000000080000000,0x0000000082104110,0x000000008dd00000)
 Metaspace       used 56797K, capacity 58770K, committed 59160K, reserved 1099776K
  class space    used 7423K, capacity 7841K, committed 7968K, reserved 1048576K
}
Event: 22.404 GC heap before
{Heap before GC invocations=14 (full 3):
 PSYoungGen      total 202752K, used 184832K [0x00000000d5580000, 0x00000000e4a00000, 0x0000000100000000)
  eden space 184832K, 100% used [0x00000000d5580000,0x00000000e0a00000,0x00000000e0a00000)
  from space 17920K, 0% used [0x00000000e1e00000,0x00000000e1e00000,0x00000000e2f80000)
  to   space 20480K, 0% used [0x00000000e0a00000,0x00000000e0a00000,0x00000000e1e00000)
 ParOldGen       total 226304K, used 33808K [0x0000000080000000, 0x000000008dd00000, 0x00000000d5580000)
  object space 226304K, 14% used [0x0000000080000000,0x0000000082104110,0x000000008dd00000)
 Metaspace       used 68989K, capacity 71998K, committed 72216K, reserved 1112064K
  class space    used 9346K, capacity 9922K, committed 10016K, reserved 1048576K
Event: 22.434 GC heap after
Heap after GC invocations=14 (full 3):
 PSYoungGen      total 205312K, used 20449K [0x00000000d5580000, 0x00000000e5800000, 0x0000000100000000)
  eden space 184832K, 0% used [0x00000000d5580000,0x00000000d5580000,0x00000000e0a00000)
  from space 20480K, 99% used [0x00000000e0a00000,0x00000000e1df8738,0x00000000e1e00000)
  to   space 23040K, 0% used [0x00000000e4180000,0x00000000e4180000,0x00000000e5800000)
 ParOldGen       total 226304K, used 33816K [0x0000000080000000, 0x000000008dd00000, 0x00000000d5580000)
  object space 226304K, 14% used [0x0000000080000000,0x0000000082106110,0x000000008dd00000)
 Metaspace       used 68989K, capacity 71998K, committed 72216K, reserved 1112064K
  class space    used 9346K, capacity 9922K, committed 10016K, reserved 1048576K
}
Event: 26.414 GC heap before
{Heap before GC invocations=15 (full 3):
 PSYoungGen      total 205312K, used 205281K [0x00000000d5580000, 0x00000000e5800000, 0x0000000100000000)
  eden space 184832K, 100% used [0x00000000d5580000,0x00000000e0a00000,0x00000000e0a00000)
  from space 20480K, 99% used [0x00000000e0a00000,0x00000000e1df8738,0x00000000e1e00000)
  to   space 23040K, 0% used [0x00000000e4180000,0x00000000e4180000,0x00000000e5800000)
 ParOldGen       total 226304K, used 33816K [0x0000000080000000, 0x000000008dd00000, 0x00000000d5580000)
  object space 226304K, 14% used [0x0000000080000000,0x0000000082106110,0x000000008dd00000)
 Metaspace       used 72188K, capacity 75578K, committed 75672K, reserved 1114112K
  class space    used 9724K, capacity 10370K, committed 10400K, reserved 1048576K
Event: 26.450 GC heap after
Heap after GC invocations=15 (full 3):
 PSYoungGen      total 239616K, used 20522K [0x00000000d5580000, 0x00000000e5a00000, 0x0000000100000000)
  eden space 216576K, 0% used [0x00000000d5580000,0x00000000d5580000,0x00000000e2900000)
  from space 23040K, 89% used [0x00000000e4180000,0x00000000e558a998,0x00000000e5800000)
  to   space 25088K, 0% used [0x00000000e2900000,0x00000000e2900000,0x00000000e4180000)
 ParOldGen       total 226304K, used 33824K [0x0000000080000000, 0x000000008dd00000, 0x00000000d5580000)
  object space 226304K, 14% used [0x0000000080000000,0x0000000082108110,0x000000008dd00000)
 Metaspace       used 72188K, capacity 75578K, committed 75672K, reserved 1114112K
  class space    used 9724K, capacity 10370K, committed 10400K, reserved 1048576K
}

